<?xml version="1.0" encoding="UTF-8"?>
<testsuite xmlns:xsi="http://www.w3.org/2001/XMLSchema-instance" xsi:noNamespaceSchemaLocation="https://maven.apache.org/surefire/maven-surefire-plugin/xsd/surefire-test-report.xsd" name="com.example.UntitledTestSuite.UntitledTestCase" time="0.113" tests="2" errors="2" skipped="0" failures="0">
  <properties>
[...]
</properties>
  <testcase name="testUntitledTestCase" classname="com.example.UntitledTestSuite.UntitledTestCase" time="0.065">
    <error message="The driver executable must exist: /home/francisco/Documents/TQS/Homework/TQS_113763/lab4/lab4_2/KR-exported-java-junit-maven-project" type="java.lang.IllegalStateException">java.lang.IllegalStateException: The driver executable must exist: /home/francisco/Documents/TQS/Homework/TQS_113763/lab4/lab4_2/KR-exported-java-junit-maven-project
	at com.example.UntitledTestSuite.UntitledTestCase.setUp(UntitledTestCase.java:27)
</error>
  </testcase>
  <testcase name="testUntitledTestCase" classname="com.example.UntitledTestSuite.UntitledTestCase" time="0.066">
    <error message="Cannot invoke &quot;org.openqa.selenium.WebDriver.quit()&quot; because &quot;this.driver&quot; is null" type="java.lang.NullPointerException">java.lang.NullPointerException: Cannot invoke "org.openqa.selenium.WebDriver.quit()" because "this.driver" is null
	at com.example.UntitledTestSuite.UntitledTestCase.tearDown(UntitledTestCase.java:52)
</error>
  </testcase>
</testsuite>