<?xml version="1.0" encoding="UTF-8"?>
<testsuite xmlns:xsi="http://www.w3.org/2001/XMLSchema-instance" xsi:noNamespaceSchemaLocation="https://maven.apache.org/surefire/maven-surefire-plugin/xsd/surefire-test-report-3.0.xsd" version="3.0" name="com.example.demo.services.ReservationServiceTest" time="0.437" tests="14" errors="0" skipped="0" failures="0">
  <properties>
[...]
</properties>
  <testcase name="createReservation_WithNoMealsAvailable_ShouldThrowException" classname="com.example.demo.services.ReservationServiceTest" time="0.375">
    <system-out><![CDATA[2025-04-09T17:21:52.995+01:00  INFO 139857 --- [           main] c.e.demo.services.ReservationService     : Creating reservation with code: WXYWEDCO
2025-04-09T17:21:52.995+01:00  WARN 139857 --- [           main] c.e.demo.services.ReservationService     : No more meals available for meal with ID: 1
]]></system-out>
  </testcase>
  <testcase name="cancelReservation_WithRegisteredReservation_ShouldCancelAndIncreaseMealCount" classname="com.example.demo.services.ReservationServiceTest" time="0.007">
    <system-out><![CDATA[2025-04-09T17:21:53.002+01:00  INFO 139857 --- [           main] c.e.demo.services.ReservationService     : Cancelling reservation with code: ABCD1234
2025-04-09T17:21:53.002+01:00  INFO 139857 --- [           main] c.e.demo.services.ReservationService     : Fetching reservation with code: ABCD1234
2025-04-09T17:21:53.003+01:00  INFO 139857 --- [           main] c.e.demo.services.ReservationService     : Increased available meals for meal ID 1: now 6
2025-04-09T17:21:53.004+01:00  INFO 139857 --- [           main] c.e.demo.services.ReservationService     : Reservation with code ABCD1234 status changed to CANCELED
]]></system-out>
  </testcase>
  <testcase name="getReservationByCode_WithNonExistingCode_ShouldThrowException" classname="com.example.demo.services.ReservationServiceTest" time="0.004">
    <system-out><![CDATA[2025-04-09T17:21:53.009+01:00  INFO 139857 --- [           main] c.e.demo.services.ReservationService     : Fetching reservation with code: NONEXIST
2025-04-09T17:21:53.010+01:00  WARN 139857 --- [           main] c.e.demo.services.ReservationService     : Reservation with code NONEXIST not found
]]></system-out>
  </testcase>
  <testcase name="cancelReservation_WithAlreadyCanceledReservation_ShouldNotIncreaseMealCount" classname="com.example.demo.services.ReservationServiceTest" time="0.004">
    <system-out><![CDATA[2025-04-09T17:21:53.013+01:00  INFO 139857 --- [           main] c.e.demo.services.ReservationService     : Cancelling reservation with code: ABCD1234
2025-04-09T17:21:53.014+01:00  INFO 139857 --- [           main] c.e.demo.services.ReservationService     : Fetching reservation with code: ABCD1234
2025-04-09T17:21:53.014+01:00  INFO 139857 --- [           main] c.e.demo.services.ReservationService     : Reservation with code ABCD1234 is already canceled
]]></system-out>
  </testcase>
  <testcase name="getReservationsByRestaurant_ShouldReturnRestaurantReservations" classname="com.example.demo.services.ReservationServiceTest" time="0.004">
    <system-out><![CDATA[2025-04-09T17:21:53.018+01:00  INFO 139857 --- [           main] c.e.demo.services.ReservationService     : Fetching reservations for restaurant with ID: 1
]]></system-out>
  </testcase>
  <testcase name="updateReservation_WithMealChange_ShouldUpdateMealCounts" classname="com.example.demo.services.ReservationServiceTest" time="0.006">
    <system-out><![CDATA[2025-04-09T17:21:53.023+01:00  INFO 139857 --- [           main] c.e.demo.services.ReservationService     : Updating reservation with code: ABCD1234
2025-04-09T17:21:53.023+01:00  INFO 139857 --- [           main] c.e.demo.services.ReservationService     : Fetching reservation with code: ABCD1234
2025-04-09T17:21:53.023+01:00  INFO 139857 --- [           main] c.e.demo.services.ReservationService     : Increased available meals for old meal ID 1: now 6
2025-04-09T17:21:53.024+01:00  INFO 139857 --- [           main] c.e.demo.services.ReservationService     : Decreased available meals for new meal ID 2: now 9
]]></system-out>
  </testcase>
  <testcase name="checkInReservation_WithRegisteredReservation_ShouldVerifyAndReturnTrue" classname="com.example.demo.services.ReservationServiceTest" time="0.006">
    <system-out><![CDATA[2025-04-09T17:21:53.029+01:00  INFO 139857 --- [           main] c.e.demo.services.ReservationService     : Checking in reservation with code: ABCD1234
2025-04-09T17:21:53.029+01:00  INFO 139857 --- [           main] c.e.demo.services.ReservationService     : Fetching reservation with code: ABCD1234
2025-04-09T17:21:53.029+01:00  INFO 139857 --- [           main] c.e.demo.services.ReservationService     : Reservation with code ABCD1234 status changed to VERIFIED
]]></system-out>
  </testcase>
  <testcase name="checkInReservation_WithCanceledReservation_ShouldReturnFalse" classname="com.example.demo.services.ReservationServiceTest" time="0.004">
    <system-out><![CDATA[2025-04-09T17:21:53.035+01:00  INFO 139857 --- [           main] c.e.demo.services.ReservationService     : Checking in reservation with code: ABCD1234
2025-04-09T17:21:53.035+01:00  INFO 139857 --- [           main] c.e.demo.services.ReservationService     : Fetching reservation with code: ABCD1234
2025-04-09T17:21:53.035+01:00  WARN 139857 --- [           main] c.e.demo.services.ReservationService     : Cannot check in canceled reservation with code ABCD1234
]]></system-out>
  </testcase>
  <testcase name="checkInReservation_WithAlreadyVerifiedReservation_ShouldReturnFalse" classname="com.example.demo.services.ReservationServiceTest" time="0.002">
    <system-out><![CDATA[2025-04-09T17:21:53.038+01:00  INFO 139857 --- [           main] c.e.demo.services.ReservationService     : Checking in reservation with code: ABCD1234
2025-04-09T17:21:53.038+01:00  INFO 139857 --- [           main] c.e.demo.services.ReservationService     : Fetching reservation with code: ABCD1234
2025-04-09T17:21:53.039+01:00  WARN 139857 --- [           main] c.e.demo.services.ReservationService     : Reservation with code ABCD1234 is already checked in
]]></system-out>
  </testcase>
  <testcase name="updateReservation_WithCanceledReservation_ShouldThrowException" classname="com.example.demo.services.ReservationServiceTest" time="0.003">
    <system-out><![CDATA[2025-04-09T17:21:53.042+01:00  INFO 139857 --- [           main] c.e.demo.services.ReservationService     : Updating reservation with code: ABCD1234
2025-04-09T17:21:53.042+01:00  INFO 139857 --- [           main] c.e.demo.services.ReservationService     : Fetching reservation with code: ABCD1234
2025-04-09T17:21:53.042+01:00  WARN 139857 --- [           main] c.e.demo.services.ReservationService     : Cannot update canceled reservation with code ABCD1234
]]></system-out>
  </testcase>
  <testcase name="getAllReservations_ShouldReturnAllReservations" classname="com.example.demo.services.ReservationServiceTest" time="0.003">
    <system-out><![CDATA[2025-04-09T17:21:53.046+01:00  INFO 139857 --- [           main] c.e.demo.services.ReservationService     : Fetching all reservations.
]]></system-out>
  </testcase>
  <testcase name="createReservation_WithInvalidMeal_ShouldThrowException" classname="com.example.demo.services.ReservationServiceTest" time="0.003">
    <system-out><![CDATA[2025-04-09T17:21:53.049+01:00  INFO 139857 --- [           main] c.e.demo.services.ReservationService     : Creating reservation with code: JECY54SH
2025-04-09T17:21:53.049+01:00 ERROR 139857 --- [           main] c.e.demo.services.ReservationService     : Reservation must have a valid meal
]]></system-out>
  </testcase>
  <testcase name="createReservation_WithValidData_ShouldCreateReservation" classname="com.example.demo.services.ReservationServiceTest" time="0.003">
    <system-out><![CDATA[2025-04-09T17:21:53.054+01:00  INFO 139857 --- [           main] c.e.demo.services.ReservationService     : Creating reservation with code: A4FR4USL
2025-04-09T17:21:53.054+01:00  INFO 139857 --- [           main] c.e.demo.services.ReservationService     : Decreased available meals for meal ID 1: now 4
]]></system-out>
  </testcase>
  <testcase name="getReservationByCode_WithExistingCode_ShouldReturnReservation" classname="com.example.demo.services.ReservationServiceTest" time="0.004">
    <system-out><![CDATA[2025-04-09T17:21:53.059+01:00  INFO 139857 --- [           main] c.e.demo.services.ReservationService     : Fetching reservation with code: ABCD1234
]]></system-out>
  </testcase>
</testsuite>